number,value,state,params_colsample_bytree,params_learning_rate,params_max_depth,params_min_child_samples,params_min_child_weight,params_min_split_gain,params_n_estimators,params_num_leaves,params_reg_alpha,params_reg_lambda,params_subsample,params_subsample_freq,user_attrs_auc_gap_penalty,user_attrs_train_auc,user_attrs_validation_auc,user_attrs_validation_log_loss
187,0.5720001250140285,PRUNED,0.6616342110938653,0.03005464786258635,8,971,0.00023529770135237747,0.8675841220627993,435,57,0.0061761856675772156,0.0001796449797768587,0.579881329947345,4,,,,
188,0.5728144970398915,COMPLETE,0.935954625276012,0.07539184783325134,9,782,0.055236949661145215,0.176714219547015,1648,55,0.035460153571005376,0.09386233155501161,0.5641812977201744,3,0.009202832029878417,0.628031489219162,0.5820173290697699,0.6814652109709144
189,0.5731408982088035,PRUNED,0.8698901080948237,0.06811405524619532,7,862,0.0019793079394850666,0.11349862797337185,886,40,7.646880839505648e-05,0.02363262719124181,0.5148943619077824,3,,,,
190,0.5715506427567867,PRUNED,0.8045757960933472,0.037403088190067144,8,830,0.12072399109750717,0.4065849285545723,1754,48,0.44972155307932654,0.5019026190560464,0.6312500635051953,1,,,,
191,0.5731086197811751,COMPLETE,0.7487247850598044,0.07368800830697547,9,828,0.00014157981991409283,0.6345537154030744,1097,60,0.0009121362094677443,0.0004414800827393107,0.5242560997252973,3,0.007269163204840035,0.6167235990102153,0.5803777829860152,0.681724578510676
192,0.571151194523249,PRUNED,0.9273915066569481,0.053930220479789404,7,894,0.11941227758464819,0.14469566250138172,1962,55,2.000167967817175,0.49144847829112204,0.6333142763952306,4,,,,
193,0.5808433856766624,PRUNED,0.8614042569013457,0.04759440409992817,9,957,0.002145855441914504,0.4765216311115782,553,45,0.009468816533255247,0.052755807877812054,0.5301606581651155,4,,,,
194,0.5808275828242386,PRUNED,0.8975820374491371,0.06202250692280647,8,769,0.0011430619481362489,0.4345486341659815,741,55,1.1963872302062897e-06,0.001350408462928026,0.5058533535542893,5,,,,
195,0.5724340305687171,COMPLETE,0.9102718852389768,0.06535842912776546,9,900,0.24877814946832263,0.10509451400222268,1346,63,0.06524278795937163,0.05308229097430957,0.5186738489306371,3,0.007144833192379019,0.6153030297229912,0.5795788637610961,0.6819778889951851
196,0.5726755701278978,PRUNED,0.8646982712039192,0.06373563453031024,7,608,0.43266151952249826,0.2114486515504891,1327,50,0.10644262408045552,0.010514736438242108,0.580355549998508,2,,,,
197,0.5714931008110922,PRUNED,0.8823882814943345,0.0741926953806346,9,887,0.0003135889722306978,0.02404007975486866,730,54,0.14351097388151834,0.008795133957682309,0.5102532624125595,4,,,,
198,0.580891645103973,PRUNED,0.7340654435613814,0.061430001642905276,9,830,0.00016919666977192906,0.6275712436306217,706,54,0.00033233722184376004,0.0013125650256362537,0.5759808436296746,2,,,,
199,0.5728396226281074,PRUNED,0.9461070827331262,0.06277748707475839,6,643,0.2032327594451539,0.055483258860748536,1278,51,1.9730899222659914e-07,0.019734544880645532,0.510142093194759,4,,,,
200,0.5723821050566162,PRUNED,0.804149983677828,0.047057368048676614,9,970,0.039027003698433545,0.2393153151906311,1708,54,0.006273186763537331,0.34153257562429534,0.5913942958499006,2,,,,
201,0.5692210466302036,COMPLETE,0.8251389226256237,0.043784703985875445,9,665,0.09759906843309575,0.34243322891869676,2120,52,0.5114709812860632,0.05562516871168306,0.5737882930357513,5,0.010580566394212522,0.6327044449954787,0.5798016130244161,0.6813360614898565
202,0.5792144636049399,PRUNED,0.8448391233530926,0.05883971723373802,9,932,0.022360108241316082,0.16821675111931708,1327,48,1.9495018957557684,0.022715048199944285,0.5425501694456677,3,,,,
203,0.5718503962100699,COMPLETE,0.6595091540565444,0.05007673661111978,8,881,0.00016148143305680325,0.7262131117385074,1498,41,0.00016871676886440524,0.029370489574534513,0.5280944901039588,4,0.008224397803577466,0.6211967830315347,0.5800747940136474,0.6817760694294118
204,0.5734843331238574,PRUNED,0.785940832758143,0.05983098711047011,9,879,0.00023260063179311345,0.637903418695722,957,40,2.8861802400202285e-07,0.00022569525906130394,0.5410089504487505,4,,,,
205,0.5685632052460432,PRUNED,0.9290413707716754,0.02326946146925095,6,785,0.0001791252048200186,0.4165276350425359,1415,19,0.6999820585104285,0.0022537678919260637,0.7339428930841572,2,,,,
206,0.5716444316904881,PRUNED,0.9320349592685916,0.06616919526430486,9,665,0.03913235370833695,0.21760359365622794,1115,45,0.011597670707169943,0.5931572883346098,0.6751088553573453,5,,,,
207,0.5724498716607138,COMPLETE,0.8019160310756533,0.05710504693086201,9,865,0.00030161472399815,0.6517065417352025,1526,53,0.10771830855874638,0.0001591522898341867,0.5066469038738891,3,0.007949353704123752,0.6201459938854563,0.5803992253648376,0.6816878233814271
208,0.5805322794566816,PRUNED,0.7220844315927868,0.05166875825762349,9,911,0.0012536218598919475,0.5302306814058398,1023,57,0.0003457472870752019,0.00011946060444414968,0.5280957795942532,4,,,,
209,0.573888966691646,PRUNED,0.8803959125941132,0.03640844877573113,8,962,1.8609765474402122,0.033296416299560996,1203,58,1.2134655492872273,0.010119130970637642,0.5570243917886764,3,,,,
210,0.5715276385951684,PRUNED,0.8381980067150094,0.045656415957942176,9,945,0.0003891615272950507,0.7406364816005326,999,61,0.2652453055768641,0.0003395543289250423,0.5072830059385124,1,,,,
211,0.5711694920310659,PRUNED,0.7221620245946527,0.05469948280205526,9,757,0.0017851491452819206,0.7318473674329029,1883,56,0.8746214416369483,0.00026147372111451047,0.5559299922060112,4,,,,
212,0.5709553770948729,PRUNED,0.948600535468629,0.07021844023100951,8,752,0.00504234377797487,0.0940216248231409,1619,61,1.8254429560180334,0.005216260867762513,0.6197401180322423,3,,,,
213,0.5709315665262729,COMPLETE,0.9133767458680786,0.07095490761589227,8,854,5.652554078253453,0.26553701428591026,1976,55,0.44861058133309367,0.29152655486978524,0.5285413458879964,2,0.00888673222699099,0.6242519598882188,0.5798182987532638,0.6819414701664203
214,0.5727600966585739,PRUNED,0.8603453417351405,0.0587865602915785,9,658,0.8754981480655663,0.39401325120074365,957,63,0.0008206838993342994,1.5553298602702392,0.6078591284866953,3,,,,
215,0.5727277918971021,PRUNED,0.813786257028006,0.0723771772075295,6,818,0.6619359314350843,0.008908871820986403,1187,44,1.0953157854579458e-07,1.2200329189420913,0.5808157449928175,6,,,,
216,0.5728391680316399,PRUNED,0.7032324542541986,0.03985768480837762,9,826,0.0002872236771093324,0.6579339779649855,1658,46,0.01143894064775933,0.0008153015271396242,0.5039046151364228,2,,,,
217,0.5808560183520042,PRUNED,0.7034145560128605,0.07501089815239394,9,962,0.00016735659195151066,0.35132592803179247,820,39,0.02259399394909029,0.00010105612098329157,0.5428876270712146,2,,,,
218,0.5739384797334401,PRUNED,0.9249921526209617,0.07115396406745839,9,798,0.0015040323511463678,0.23111351956282838,1891,52,0.7290152884330141,6.596416845550976,0.5019625887081243,4,,,,
219,0.5805916104872861,PRUNED,0.8806949754993719,0.06252022865509736,8,994,0.17575173894524748,0.12073575723802524,1818,61,0.0014872378959810931,0.04178890784929191,0.5216486585135266,4,,,,
220,0.571487198137291,PRUNED,0.7552487365570838,0.05813829087939102,9,877,0.001382078111731433,0.23496782982510317,1151,52,0.037590608431133564,3.7723063712327036,0.6197850782979349,3,,,,
221,0.5736048238444639,COMPLETE,0.8486874563208707,0.06468933946459915,7,978,0.010713932851325105,0.37007771334677364,1029,44,6.570739836955684e-05,0.0001626555628593007,0.6063059365796419,3,0.007833140977953268,0.6206036697121835,0.5814379648224172,0.6816734368076758
222,0.5709317664908421,PRUNED,0.8588489190496982,0.057339545843146315,8,847,0.0167739964304617,0.34976276783998445,1281,32,3.367075461562076e-05,0.00011929360752957152,0.6278360545959224,2,,,,
223,0.5738992407639492,COMPLETE,0.8987512791885334,0.06247988004292168,9,845,0.0004271511083994344,0.7640304150533193,1421,35,0.0544613046263294,0.0005999806972689912,0.5072233597745381,3,0.007775630909901233,0.6205530262233565,0.5816748716738503,0.681562140249055
224,0.569190589136164,COMPLETE,0.9281462788753168,0.07790763906463039,9,585,0.0013925565078606228,0.9288427635590587,936,37,2.7679851388600163,0.0003544660741053997,0.5045822177599992,2,0.0105733586042295,0.632630740761541,0.5797639477403935,0.6812636068648354
225,0.5731996914426477,PRUNED,0.6071927974433856,0.07565075980341446,9,824,0.0001277312325173138,0.3333229598846108,1850,47,0.5691179638835151,0.0003327996699924887,0.5359624531353556,2,,,,
226,0.5721822053115073,COMPLETE,0.9250604790817142,0.07482214483212259,9,900,0.017342232202528497,0.09721417686043606,1141,55,0.0028452814841628603,0.024967151460479387,0.5632774571064181,2,0.008245038273343509,0.6216524349515684,0.5804272435848509,0.681826875105156
227,0.5741423887344314,PRUNED,0.7873090659518168,0.0681370092272535,9,977,0.0995924457707866,0.01337726878689513,1472,62,0.4352433635363501,0.20297000547263988,0.5457006396752725,2,,,,
228,0.5724082958172863,PRUNED,0.9211512996398896,0.0792783716429962,9,803,0.2811312835422929,0.04218684234010679,1389,62,0.001983258808352521,0.0010685360578220615,0.6664318738973976,3,,,,
229,0.5719935901898083,PRUNED,0.8275951343570156,0.06728111499154905,8,688,0.000438077785176794,0.9257279580030359,1600,32,0.12100479491348519,0.1291867982558048,0.5739738160362224,3,,,,
230,0.5725137750977779,PRUNED,0.941271297052782,0.03763046296413341,6,906,0.026612935558886393,0.42022449013332397,1447,63,8.288941890044581,0.0005839197162473413,0.5720253156661514,6,,,,
231,0.5703158166896569,PRUNED,0.7384914469345681,0.04524831700827839,6,862,0.0009179740543387683,0.3345839548098298,555,51,0.003034673024623359,1.1559208903401597,0.562262566042251,1,,,,
232,0.57413801890513,PRUNED,0.823066904032653,0.07353230028169767,7,621,0.003410704222650343,0.169389822398759,1121,56,7.564467639644337e-08,5.46452133421025,0.5906603647709012,4,,,,
233,0.5712852152443243,PRUNED,0.8360906983433194,0.0249932614434888,8,738,0.00017582029862036146,0.11414921886839237,1410,43,3.312489890174024,0.020380944506849494,0.5654519051791664,5,,,,
234,0.5723706495473213,PRUNED,0.8933282215938694,0.07655070069777026,9,581,0.00011568417445988752,0.7181007037974048,1696,62,4.443869783253822e-05,0.00015841218606469187,0.5505607297490936,2,,,,
235,0.5700632315274015,PRUNED,0.9070014622302364,0.07073507867970237,8,803,0.009306098453924326,0.12195807843188232,895,55,0.0002762989038117131,0.005392730722275479,0.6097454565504266,2,,,,
236,0.5729479734015295,PRUNED,0.908286183613894,0.05642120446649108,8,928,0.0029441041896347856,0.3965703368544353,1611,56,2.158211960195565,0.002335681663255785,0.542187603159054,4,,,,
237,0.5806473150274409,PRUNED,0.9304874743217261,0.07614492224917536,9,866,0.002774584428065197,0.1916123382867574,1686,48,2.15780165099659e-05,0.007167159275840761,0.530404324069668,1,,,,
238,0.5712269416596465,PRUNED,0.8002210875369137,0.05032042171370717,8,955,0.1240079109113271,0.007981585642340354,1043,39,0.00046832355755838594,0.031980542591437004,0.5158431089968148,1,,,,
239,0.5715506427567867,PRUNED,0.8363110816344285,0.04688008051636324,7,999,0.45471437179451313,0.3759329386443224,1398,52,2.502927958212976e-05,0.00022227233786353525,0.6253441236984724,3,,,,
240,0.572955516315041,PRUNED,0.9003626549056875,0.04741173996397146,9,909,0.0004926561764516585,0.336286019173591,761,59,0.02072068936137843,3.8562415022705467,0.5472693062171201,3,,,,
241,0.5811922698402032,PRUNED,0.7354984121716908,0.057438079614685694,9,918,0.0009798092185081043,0.25000594477000415,613,29,0.0012875731379290028,0.007315870145418548,0.5125455692743469,5,,,,
242,0.5700273280216219,COMPLETE,0.9334537601738854,0.07333072431900135,9,633,0.24060961692413718,0.10848261636988042,2847,39,0.0355942869956913,0.03772171064810885,0.5773232097999722,3,0.010429314228341835,0.6326032133916729,0.5804566422499637,0.6812073218967306
243,0.5709196628598948,PRUNED,0.9284152290865334,0.049613052503310225,8,798,0.00039578302532940153,0.5619043960631305,1865,34,0.13019228422611004,0.003889470554860154,0.6064675686385224,2,,,,
244,0.5802087978809274,PRUNED,0.8238295261151232,0.05074887804659541,9,974,1.797577639947202,0.058289093344738856,850,60,0.008259378411842506,0.20434152545783496,0.53146782437587,4,,,,
245,0.5726596140810689,COMPLETE,0.8521196090295854,0.07929605249628072,9,845,0.0019411342980283671,0.8316704824814048,1563,53,2.301676676974349,0.0021556743621038064,0.5679496184626882,3,0.009363330403940818,0.6288395965047138,0.5820229444850097,0.6813874722136015
246,0.5708129179268696,PRUNED,0.8273816936133866,0.048190957330840896,9,857,0.016936827270842995,0.809565520703494,1498,56,2.537031790349556,0.019371683841786325,0.6680217869527788,3,,,,
247,0.5719569237628975,COMPLETE,0.8920162819766829,0.07792292917255553,9,898,0.0010063318557187806,0.8927011596692436,2525,53,1.5066335731513743,0.0014129686797561601,0.5503454627859936,3,0.008385055934810716,0.6222672593717619,0.5803419796977083,0.6816747967581551
248,0.5732505672895727,COMPLETE,0.8036690140135859,0.0542105467607895,9,807,0.0008090426487021953,0.7748946919385468,1341,45,1.5455229118873353,0.0005973387816100888,0.5381687758633003,3,0.00831249903234439,0.6231255614836391,0.5815630663219171,0.6815073982038827
249,0.5739941301759383,PRUNED,0.8175431733237118,0.04134104630703376,7,963,0.004522182820045374,0.5594545759252589,532,34,6.969160873199222e-05,0.000824669442089755,0.5590770209714656,4,,,,
250,0.5734958326289457,PRUNED,0.7556793815998675,0.055214434899257654,9,937,0.0006896837833258721,0.9785490742132363,1388,48,9.047927523797261,0.0045917245733674535,0.5551855133151512,3,,,,
251,0.571502654417186,PRUNED,0.9203890788557558,0.07502250723105232,9,779,0.17673052057902883,0.08363510840505536,894,50,0.015268633944157076,0.06387011078495315,0.616198454554816,3,,,,
252,0.5808766176411819,PRUNED,0.7877936407749339,0.054873041513213865,7,1000,0.008584856470990053,0.3951909381696398,1312,54,1.4757205022566406e-06,0.0002540804657000327,0.5700704535804068,4,,,,
253,0.5804618528062901,PRUNED,0.7853864789331345,0.06864521529479481,7,772,0.039664875871694545,0.8757511609691249,1343,55,3.192675829925639,0.0003668674388148373,0.5028728688663235,2,,,,
254,0.5714936769026001,COMPLETE,0.9056469356291772,0.03772808205419737,8,730,0.0004339468771541726,0.6509066833293229,1542,33,0.0035611409936143865,0.0001444705730648368,0.5620803762702283,5,0.008964878173421953,0.6252829459431318,0.5804585550760221,0.6815502724546092
255,0.5731406223141517,PRUNED,0.9361760086761312,0.06014198529395395,7,872,0.000860518227187946,0.8132244267575947,1675,38,0.9192091703188189,0.0011004007875240994,0.5209983440057805,2,,,,
256,0.5808452040682786,PRUNED,0.6128527469911126,0.07426987907274606,8,950,0.00016362690683444567,0.4842696114423155,1013,54,7.212236898121516e-06,0.002033902356376028,0.5157182351965471,4,,,,
257,0.573371898266993,PRUNED,0.8588440772322468,0.042507964598127196,8,928,0.00038327325372260884,0.7413383633281018,1628,52,0.07049120183027105,0.0011070745529682211,0.618169749715888,3,,,,
258,0.5730762400894418,PRUNED,0.9273395090735753,0.0644756453428878,9,984,0.0005672884896016359,0.06986710806267701,941,50,0.047963185166853675,0.3344845447680634,0.6260142466468837,1,,,,
259,0.5731496574189434,PRUNED,0.7726314075102365,0.06169764147343506,9,808,0.0028222216499414164,0.1412127005221303,1237,19,0.33776459164832834,0.008016364955534165,0.5158279108517037,7,,,,
260,0.570737795860615,PRUNED,0.45040190819470466,0.030624597725108848,4,763,0.00014780083999130044,0.4172743420949476,1529,35,0.0002579024366947949,0.03290597209936772,0.528740524945595,2,,,,
261,0.5729452026576847,PRUNED,0.695354423968544,0.06605931134847656,8,871,0.0002961035494930465,0.7589550670895651,1183,50,0.0032582942129946797,0.0010157514141495387,0.5197137642605927,4,,,,
262,0.5705862410345468,COMPLETE,0.8782358625191484,0.05878348214780745,8,696,0.011670280051233535,0.32069132270111755,833,46,0.5604935709213819,0.00392891900659025,0.5439196340758946,4,0.009429241994884508,0.6271616930038538,0.5800154830294313,0.681480038676696
263,0.5714193496145165,PRUNED,0.864101018650314,0.03311126312838221,9,963,0.01544785282715366,0.08733085171037647,1462,54,7.34113163671121e-05,0.00011943469954995631,0.6500141884809497,3,,,,
264,0.5723914757479888,PRUNED,0.7401257272422055,0.032470971550956594,7,963,0.0012359545887119922,0.26453815858748253,1431,38,8.263770363609574,0.0011301522026651723,0.6303874022519311,3,,,,
265,0.5793343710928597,PRUNED,0.8731403678723786,0.05430375136426633,9,956,0.02824160342037103,0.1517746100919441,1235,48,0.001651819094332427,0.002244352352556328,0.5169589733273292,3,,,,
266,0.571578486790421,PRUNED,0.7829927219026689,0.03884603765040807,6,926,0.00944531281965863,0.37699468709172085,872,50,0.0015824316084927903,0.0012129410303939234,0.6340382021699028,3,,,,
267,0.5719381193048588,COMPLETE,0.8041159071437186,0.0705214997261094,8,793,0.00015078911467103395,0.5341263447709416,1196,56,0.001737221852585247,0.0007818563762019135,0.5502968159100416,3,0.008275436194098517,0.62159073646945,0.5802135554989574,0.6817356123481512
268,0.5721360209455323,PRUNED,0.9463998338922086,0.05821049653145707,8,788,0.00010749865488912326,0.761253385882378,732,37,0.038924867655430816,0.00037099723836193037,0.5912756001888879,3,,,,
269,0.5721934804848678,COMPLETE,0.9034919863897505,0.07296985698056008,9,876,0.00020698749966539297,0.6084415362799882,1759,39,1.054048041825429,0.00011708090234323569,0.5360752415347688,3,0.008120625458011977,0.6209172332329397,0.5803141059428798,0.6817389024543616
270,0.572326582102253,PRUNED,0.9450075895849638,0.0646995020921691,9,573,0.001005016410393838,0.4379629697486964,2108,45,0.3940554206114134,0.0003800782142142364,0.5430194433915289,2,,,,
271,0.5807262984112116,PRUNED,0.6156335252035121,0.07766856787555851,8,968,0.01163597791235545,0.4095312337271715,1351,57,3.7777058246378132,0.00017253347164126535,0.5208846565710292,4,,,,
272,0.573061067932339,PRUNED,0.8295593794265249,0.04385293800390686,9,982,0.0006909951833967341,0.6811272438269187,1589,59,0.00579865665703687,0.00020116212091089085,0.5225351472280102,4,,,,
273,0.5718964770194382,PRUNED,0.6296422973679388,0.054803543898493394,7,780,0.00012105644093167954,0.36055184823557074,754,41,0.0003530533038566082,0.04419168469435646,0.6405457996972438,4,,,,
274,0.5812220605843621,PRUNED,0.7748607098662837,0.07028297853976054,8,734,0.00637546089580267,0.8385012610776714,1586,35,0.04221902992968477,0.00029462212668918987,0.5106177911249882,3,,,,
275,0.5805021902218235,PRUNED,0.8181644074402222,0.07899548234118024,9,953,0.0005781346176508618,0.8627525712754166,1810,39,0.2063667890112972,0.0036277143574458335,0.5224074426120688,5,,,,
276,0.5802542645331896,PRUNED,0.8829718172859492,0.07889122840387078,9,951,0.00023718157092475026,0.6530905940010132,1116,36,0.014177084766132591,0.00010966852195538024,0.5322457489527538,3,,,,
277,0.5727795022452804,PRUNED,0.9080180022885791,0.05800045575024865,9,822,0.0003959511008886649,0.6843470891943285,1633,38,0.10439039204014501,0.0003250153662774979,0.6610998761896846,4,,,,
278,0.5715789129746094,PRUNED,0.8436804993305256,0.06257903256643729,9,841,0.0005637054655677913,0.6535537939066899,1899,42,0.2658663520366726,0.0004871337026570798,0.6028504572245318,2,,,,
279,0.5666456605215642,PRUNED,0.7042052392074075,0.006073520268466941,5,140,0.0004994631882806403,0.7101027692815115,1716,61,9.434605924509812,0.07946331766454097,0.8589302858786453,6,,,,
280,0.5701450080641391,COMPLETE,0.8879413573760382,0.05108010593414849,9,687,1.0079336769030787,0.0066688064091711685,1659,63,0.01165674667442633,0.016083995801457977,0.5275646583552176,3,0.009470148561723525,0.6269658994344803,0.5796151566258627,0.6815422873106832
281,0.5679260030600025,PRUNED,0.3613720649504972,0.05642451805216417,8,384,8.029517463076148,0.5025989674036744,1245,31,0.05744538462164456,0.0018733853686883478,0.8484529641446983,7,,,,
282,0.574077437499552,PRUNED,0.5828036876505378,0.059561510329950246,4,560,0.07735606018095535,0.20606465065869556,2261,43,1.97582448147268e-06,0.00014996514919283748,0.5814267781215897,1,,,,
283,0.5810699881503996,PRUNED,0.9092816813635967,0.0337793201266056,8,780,0.00010546861989646257,0.6105932595942163,1931,39,6.769260422264306,0.0004070026403937974,0.5353618224500897,4,,,,
284,0.5805498114966047,PRUNED,0.9188684996959658,0.04846366900100653,7,857,0.09473331767271671,0.011436599898376214,786,49,1.6987288513748545e-05,0.025701894391001873,0.513600185737449,3,,,,
285,0.5719850534654625,COMPLETE,0.8029080613431323,0.07122283749874919,8,873,0.0003860312405750959,0.006743468501904604,1182,55,1.8680386513575558e-05,0.0005579074902966922,0.5283029728931494,3,0.008489291120205222,0.6229208001866938,0.5804743445856677,0.6817193836235047
286,0.5735789953702191,PRUNED,0.8026714023430487,0.0759012786150669,7,831,0.23046981898805627,0.2475034965202984,2611,52,7.611078052918981e-07,0.00046950544302937225,0.52934590850809,1,,,,
287,0.5730832295101297,PRUNED,0.862055460016754,0.06987443718890979,9,980,0.00016222063981101312,0.418331607863745,950,59,4.604491937514616e-06,0.00033171706030201,0.6352687871204159,2,,,,
288,0.5715872518096385,COMPLETE,0.8892478171073738,0.06537549341171758,9,865,0.010880215056629188,0.6472998552354978,1471,27,0.004227255517858158,0.028143570894126273,0.5102785949683868,2,0.008591131767375115,0.6231340424138893,0.5801783835770137,0.6819673596739765
289,0.5699744147425634,PRUNED,0.7010788027667971,0.06615504627744723,9,867,0.00011448091642236463,0.6706332380271528,1735,57,4.1045772655327656e-05,0.0007021723446640594,0.6258640473751439,3,,,,
290,0.5701856600385555,PRUNED,0.5623740014218835,0.009709254715632954,7,141,0.2404709138409485,0.24598592752574555,1855,44,0.0018305160192890113,0.02141012402612473,0.5344196578160997,1,,,,
