number,value,state,params_colsample_bytree,params_learning_rate,params_max_depth,params_min_child_samples,params_min_child_weight,params_min_split_gain,params_n_estimators,params_num_leaves,params_reg_alpha,params_reg_lambda,params_subsample,params_subsample_freq,user_attrs_auc_gap_penalty,user_attrs_train_auc,user_attrs_validation_auc,user_attrs_validation_log_loss
0,0.560409417829067,COMPLETE,0.869705687464961,0.06978211022792681,8,198,7.072114131472227,0.020584494295802447,1374,41,0.002570603566117598,1.084636916089126,0.5701975341512912,1,0.019170149530984972,0.6754303150149767,0.5795795673600519,0.6811107904449238
1,0.5627235853267982,COMPLETE,0.5247374841188251,0.009008485225328879,4,339,0.0067890532716984855,0.29214464853521815,2565,17,0.0032112643094417484,0.0006236936575328396,0.7361403942345071,4,0.013904170391413385,0.6461486076752785,0.5766277557182116,0.6814541022720048
2,0.5699439105913877,COMPLETE,0.4523144742123749,0.04409771327642757,4,613,1.1015056790269626,0.9656320330745594,1586,36,3.850031979199519e-08,25.566437378681954,0.520902685723999,5,0.009688996525240669,0.6280778897428317,0.5796329071166284,0.6816155418113747
3,0.550655285822095,COMPLETE,0.8955922412472692,0.006555094372947843,7,166,0.039841905944346875,0.31171107608941095,1192,32,2.133142332373004e-06,0.5966156286465789,0.7228296095500716,1,0.025976046747081805,0.7065115663045858,0.5766313325691768,0.6811755330956333
4,0.5652386065147476,COMPLETE,0.9031245410138701,0.008347510002350119,9,943,0.004233032996527599,0.045227288910538066,1821,51,6.257956190096665e-08,0.0013088818765702626,0.9026723076924419,5,0.011529943902486295,0.6344182699296653,0.5767685504172338,0.682116331795401
5,0.556879275220219,COMPLETE,0.8313181884524238,0.01060979019033453,8,317,0.0009853225172032562,0.7722447692966574,1410,27,4.6876566400928895e-08,42.09582733145515,0.7442132374212118,1,0.019375749620007765,0.6731337729402656,0.5762550248402267,0.6816275069192239
6,0.5690309411403369,COMPLETE,0.41952143571507783,0.047960467239636484,7,783,0.00020786996906897802,0.3308980248526492,414,48,0.5860448217200517,0.3565802856513584,0.5333200932803407,3,0.00924723300442829,0.6245143391669067,0.5782781741447652,0.6821253483658449
7,0.5670629027554578,COMPLETE,0.777946872333797,0.012317703342786175,8,893,0.02944272359149678,0.770967179954561,1208,43,0.0703178263660987,0.15801630895971636,0.7124967163228771,1,0.010591037325659181,0.6306091267094128,0.5776539400811169,0.681935350164636
8,0.5638037492865776,COMPLETE,0.6551424146988216,0.01635990162852088,3,79,0.5994537656798818,0.41038292303562973,1759,13,1.4726456718740824,0.0026345651108740918,0.7863846850687011,3,0.01303130862130182,0.6419916010143886,0.5768350579078795,0.6810549797036842
9,0.5656916382939694,COMPLETE,0.8728763541126305,0.006189606672462582,5,934,0.049740621749684084,0.8925589984899778,995,16,0.1710207048797339,0.0011567970416380246,0.8636541708039875,5,0.011163387912791057,0.6326719657707157,0.5768550262067604,0.6820518197493088
10,0.5674917045604377,COMPLETE,0.36332152476102175,0.01435331273144293,3,675,0.09973535646870983,0.8312931521859009,2288,38,7.047306504092893e-08,3.3343712275553576,0.57967239342351,5,0.009639284928002523,0.6253274141284528,0.5771309894884402,0.6817906537781817
11,0.5635586788710369,COMPLETE,0.5258714123447288,0.04905429729362306,6,332,5.214262308693249,0.8397041065913191,1658,35,1.106198109238138e-05,7.989522047572836,0.5279990915794078,4,0.014206253276528358,0.6487961985302071,0.5777649321475653,0.6814734432441026
12,0.571074008344931,COMPLETE,0.4433262378208064,0.07116963406364153,6,810,0.0017742532310297248,0.47644050509168745,768,53,0.0026588002439161345,1.517567777376926,0.5366134006700588,3,0.009085383410839953,0.6255863088099708,0.580159391755771,0.6819259817346345
13,0.5690461886078283,COMPLETE,0.38539275557199726,0.04874616149207674,3,996,0.07095208200252658,0.9595008307730127,811,43,2.0804684275560947e-06,15.015981985254543,0.5717325479912085,3,0.008597558651914628,0.620631540519316,0.5776437472597429,0.6822091582618863
14,0.5689331148864036,COMPLETE,0.35324502626947435,0.06575918911912025,7,927,0.005671960892077095,0.6300442028272433,1949,52,0.015426521956867193,12.497822840671514,0.5185038432014142,3,0.007996222606264359,0.6169104505239897,0.576929337492668,0.6824122575949244
15,0.5655439729205505,COMPLETE,0.37168081234295725,0.06284194009949615,4,550,0.000997524322803863,0.48527504497106366,1050,57,1.514288644851628e-06,1.902763798242806,0.5220946299935939,5,0.011153206344815248,0.6324632109894419,0.5766971792653657,0.6817020609893881
16,0.5670805942428332,COMPLETE,0.46361363940619815,0.06466935991325236,5,873,0.00384659321712908,0.3024204239474534,1475,33,9.785059303909892e-06,4.018118422785435,0.5814837550870614,1,0.01034574896542857,0.6291550880354047,0.5774263432082618,0.682160070425441
17,0.5631399618449522,COMPLETE,0.5604356170648059,0.06936099279433756,5,577,0.0007915122733851821,0.6408533443065103,1105,55,0.0016320711355205303,0.36255679924698186,0.8351708074039904,3,0.013933658913423554,0.6467419153254935,0.5770736207583758,0.6814150874339187
18,0.5637721545672565,COMPLETE,0.579867399853853,0.015238934988665872,4,228,1.044644180664509,0.9188375809895781,884,21,1.6916118066735107e-08,2.1582661535083867,0.5932214926234362,7,0.013258530603131603,0.6433233381860461,0.5770306851703881,0.6812664629215678
19,0.567524735605887,COMPLETE,0.7125873102104572,0.0630064705190425,7,824,0.0001486278429663003,0.9182439415418366,1012,42,0.00010534405138408111,28.77092753883772,0.6093740762973582,1,0.010471375616061086,0.6303529893022535,0.577996111221948,0.6818993020809581
20,0.5673477091842568,COMPLETE,0.6196948110083937,0.0276264988937858,6,611,0.17731601863233334,0.7415992957828209,1694,47,5.457647750963828e-08,20.556275969943126,0.5404983420612657,6,0.010280074672562402,0.6290281572196312,0.5776277838568192,0.6818273034460484
21,0.5695957231351435,COMPLETE,0.5255157795851768,0.056130848926712294,3,866,0.08463360086703342,0.895300375571278,613,42,1.1694200268787729e-07,5.661146348979813,0.5622967410740562,3,0.00851826632706303,0.6207053210975216,0.5781139894622065,0.6822229981854042
22,0.5679033673815468,COMPLETE,0.5551730650704734,0.07424862359729034,3,557,0.6486952378612472,0.9371076294552525,751,18,2.2853822075257613e-07,0.05875564530806044,0.6894697227095518,2,0.010328358531014416,0.6298735185676333,0.5782317259125612,0.6813307012096749
23,0.567927903658233,COMPLETE,0.4170135692931296,0.04862747732802586,3,540,3.1344402828282987,0.7219256547794822,1906,56,2.441354527792782e-07,0.7699531911597464,0.6806896388109833,4,0.009981643489908976,0.6278177645976868,0.5779095471481419,0.6814802301359414
24,0.5689134165016034,COMPLETE,0.7258078623055574,0.056164511996225346,5,843,0.022710529518581667,0.9076747534954585,1499,49,2.42247771641194e-07,0.24876050516490447,0.6248504898824556,3,0.009958710198900978,0.6286656776950093,0.5788721267005044,0.6818050761524875
25,0.5688470174337225,COMPLETE,0.350078858400101,0.057959084848601405,5,752,0.2168432855543546,0.8131219194636161,2050,28,1.17324982985014e-07,4.747453688257633,0.5290407795390303,6,0.009674802595820098,0.626895833008643,0.5785218200295426,0.6818082533483721
26,0.5689050924209385,COMPLETE,0.48590538033345626,0.051408619613234126,3,612,0.261626440390023,0.577054578052608,437,58,4.419544027387562e-08,1.749203823321526,0.5993610634085696,3,0.010322183209500735,0.6308381916779429,0.5792272756304392,0.6814570290566414
27,0.5696672788997964,COMPLETE,0.6678098093949452,0.06643239955692383,8,709,0.001961774460526162,0.3550390347405343,1045,59,3.204633294291905e-05,0.4125666789731566,0.5699078801660775,3,0.010258622338634595,0.631219012931604,0.579925901238431,0.6814455123407486
28,0.5692912917775567,COMPLETE,0.5435014284646587,0.07727554146470755,9,893,0.006289512589840352,0.5446857049157932,929,61,1.0941724380126682e-05,4.652610822106735,0.6172699523058006,3,0.009126483890815362,0.6240501951224489,0.578417775668372,0.6818172266835281
29,0.5705725483896336,COMPLETE,0.7681124751309876,0.05106984508952626,7,786,0.0002696840704557662,0.2852702203277628,1311,53,2.642299316273945e-06,0.021915713122854494,0.5771221609405776,4,0.010138850187933413,0.631405649517234,0.5807113985775669,0.6813480020403329
30,0.569106934934558,COMPLETE,0.9349918057698801,0.02609223402097165,6,738,0.00025969467821406,0.33139359902645293,600,57,2.3205676731135406e-08,0.052042471340525545,0.6582079571971685,4,0.010515848918007477,0.6322020284426029,0.5796227838525655,0.6815724052421208
31,0.5713151656668622,COMPLETE,0.7794349752462028,0.06253548827123745,8,915,0.004230420371444388,0.2080940733337448,1243,37,0.00022656194760846589,0.005965453981972662,0.6355674794077412,2,0.009411808397854117,0.627786016053987,0.5807269740647164,0.6815353687539571
32,0.5672622726275953,COMPLETE,0.8563998086139478,0.07513538583046686,8,895,0.001151454692464911,0.13177401167351038,1631,25,3.5148068761169315e-05,0.004009828992349811,0.7299004715322462,3,0.011148648970340914,0.6341541664496408,0.5784109215979363,0.6816679551343326
33,0.5695410440668783,COMPLETE,0.74640751367543,0.04814011192907979,8,878,0.057615526407240915,0.3446465910639777,570,22,1.7962719897876807e-05,0.00419486978455064,0.5907073993151701,1,0.00956630405790291,0.6269388684142958,0.5791073481247813,0.6818177295445206
34,0.5714312488265106,COMPLETE,0.798566230207101,0.05354320257144494,7,828,0.0006778326579016274,0.21969717632875851,1886,49,6.020213130384679e-06,0.018265375105026013,0.5240158931861482,4,0.008221337658629025,0.6207592747782847,0.5796525864851396,0.6816559382231606
35,0.5683228285771282,COMPLETE,0.785387568100484,0.019784764200618383,8,758,0.0002471669576058204,0.025224708260796175,1529,55,0.009832452410509252,0.0020611795410282996,0.6040432074931832,3,0.010374021724959936,0.6305669589268879,0.5786968503020882,0.6816458819063581
36,0.5712004862883888,COMPLETE,0.9095208293028153,0.06339572367947505,6,879,0.0007496889401716035,0.19126828260536335,2118,43,0.00013773228208138288,0.014472109303638557,0.5428579994211472,7,0.008089479206422756,0.6197373615269254,0.5792899654948116,0.6818334742367306
37,0.5698394417449599,COMPLETE,0.8062481412446842,0.02898285890007955,5,839,0.004814897296346225,0.428502333457437,2322,47,4.089875786207702e-05,0.018717929882387747,0.5485074070381525,6,0.008506572180488647,0.6208788748278918,0.5783460139254486,0.6820083313619499
38,0.5692137005062412,COMPLETE,0.7605709994078044,0.028730976263081902,7,820,0.00010852482426443852,0.16872610570819324,2410,34,8.068009328214281e-07,0.00017313613787894055,0.5653167268549008,4,0.009049096122183143,0.6235082772393401,0.5782627966284244,0.6820370589819194
39,0.5702162072223235,COMPLETE,0.926470956923639,0.07053471680081355,6,683,0.00011115995592905702,0.15845181259785196,2325,46,0.004470172113744907,0.00619957006147747,0.532337943856067,7,0.009594606094141334,0.6277838437871714,0.5798108133164648,0.681484189037741
40,0.5674787541173086,COMPLETE,0.3528997021434119,0.07550181993178451,6,784,0.0010672657773108272,0.4630567076368257,604,48,0.0006182551941783255,16.174946718718036,0.6785533231310507,3,0.011516472972357673,0.6365775919514547,0.5789952270896663,0.6813622046408193
41,0.5695516866895508,COMPLETE,0.8694386825463781,0.05926176207822894,6,730,0.0015083810918586143,0.18577780514374284,2138,40,7.990006479775016e-08,0.7161794798078581,0.60681620765896,4,0.010371378750807582,0.6317799591943963,0.5799230654403584,0.6815298269585487
42,0.5712616055192393,COMPLETE,0.8114431074039579,0.07308977172031911,7,991,0.00031594544425357163,0.41676001277989455,1279,43,0.0012896057861069893,0.0016930975343879774,0.6026997705563223,2,0.007955597677479932,0.6189951915841189,0.5792172031967192,0.6818766633288453
43,0.5683222827981365,COMPLETE,0.8968959413293889,0.07031607493820279,7,809,0.003920889877809285,0.8631840975947384,809,45,0.0069511229004214185,0.001488259216295486,0.6302904411683742,1,0.01021852905264875,0.629633457114029,0.5785408118507852,0.6817693427149895
44,0.569950256336438,COMPLETE,0.9195036223584261,0.04466655997710005,9,868,0.0010667739395368058,0.03044753231112035,737,31,0.10885069010845604,0.004692333827565787,0.545362407025088,2,0.008760826461637162,0.622515215106261,0.5787110827980751,0.6818676425016894
45,0.568973582235155,COMPLETE,0.6058071223433356,0.045917210649696116,9,812,0.0872533611782568,0.03404592589909203,2038,39,0.0014203644501979155,0.06428585530034957,0.5454922053884569,1,0.009507271213363389,0.6260172095153353,0.5784808534485184,0.681894742814446
46,0.5681408398444908,COMPLETE,0.8156252567064718,0.07471530709378241,5,641,0.00378789207434544,0.2890893528221512,1474,39,0.023982830885304122,0.006181647411362553,0.5926729032424921,2,0.011373830544198361,0.636383823109681,0.5795146703886892,0.6815449630211299
47,0.5727795403982702,COMPLETE,0.8181481456233237,0.07770880977545082,8,1000,0.0038741242578910267,0.27735089305889293,1236,47,0.0004067588761121244,0.0005221618577513224,0.5254441430536937,3,0.007116124812032232,0.6154762892704636,0.5798956652103024,0.6817518455136118
48,0.570576885045499,COMPLETE,0.7922187156139894,0.0644630884501398,5,891,0.016412861328917328,0.047634323337120504,1382,33,0.0847899890163159,0.22209796349662841,0.5671397210882033,7,0.008135393603272778,0.6193892466651356,0.5787122786487717,0.6819449486214062
49,0.5715948194970895,COMPLETE,0.9057752627017954,0.060364198409810096,8,925,0.00037895918007499403,0.559804954261351,1482,56,0.0017326584931443428,0.00034034318772759443,0.6147376945747174,3,0.008522709458455435,0.6227310762478221,0.5801175289555449,0.6817967680228065
50,0.5695046384799404,COMPLETE,0.9117204697036925,0.038285293162464734,8,739,0.0003084790401609798,0.6618498346657554,1534,51,5.57619119429142e-05,0.00025984126403116924,0.6536860958373719,4,0.010792153043009556,0.6342575567379977,0.5802967915229499,0.681344297827851
51,0.579834476820324,PRUNED,0.6818842377567306,0.05228659231306828,7,864,0.010444872385277148,0.17328476617516858,708,57,3.4845571382547914e-05,0.00022511142382082046,0.7178414676547107,1,,,,
52,0.5722270623902543,COMPLETE,0.9040894732232596,0.05858832617871815,7,929,0.010600472692163887,0.04279230544448212,1396,47,1.4438485829887038e-05,0.00011213023206730735,0.5853921710745166,3,0.00868596678083533,0.6243428630752663,0.5809130291710897,0.6816907881364186
53,0.572639740143843,COMPLETE,0.7025579827481025,0.06384806595813775,7,970,0.00015142652465918583,0.4307296874848996,988,37,0.0035730594104209745,0.02585681281449003,0.5490521480621319,3,0.007926888266837517,0.6202010697448681,0.5805666284106805,0.6817454585078678
54,0.5710866922150746,COMPLETE,0.8753392367565084,0.037625417308153226,6,924,0.12649161560717923,0.0036780329166759274,920,37,4.089814656317694e-06,0.00024191462488499182,0.6174082245057726,4,0.00811850164433534,0.6197977020810866,0.5792051938594099,0.6819064692985677
55,0.569877764326098,COMPLETE,0.8754336422117992,0.059624942383114686,8,704,0.027210515781378692,0.04134689406048282,1648,53,0.001690969239746438,0.00019521000912574635,0.5317662286574119,2,0.009369712352686577,0.6260960384422175,0.5792474766787846,0.6817473469892567
56,0.5693642894586183,PRUNED,0.7365432836050344,0.05771853323912677,7,823,0.0002698441168205353,0.3027814300210838,767,21,0.000851858201718679,0.0952966864556468,0.6103636623401454,4,,,,
57,0.5705859812210945,COMPLETE,0.9141341632158172,0.07445239639347401,8,978,0.000740169073945854,0.1383415652417896,1310,41,7.811873643595605e-06,0.00011049663839237386,0.6109421204384266,5,0.00880247742639637,0.6234008457794727,0.5793884586474909,0.6818794186539
58,0.5723743919928972,COMPLETE,0.5420478529522132,0.05713697567172079,6,838,0.00012358438657185448,0.32241092318995224,1052,38,0.0018109581686176948,0.0023913780841493073,0.5057535509200185,3,0.00844102151774695,0.6230205210993789,0.5808154135106441,0.6817405683232002
59,0.5707764365603527,PRUNED,0.44905452298969484,0.02160406866289464,8,970,0.0002459817120800459,0.372306699465597,1592,41,0.00804714918629892,0.0035965343109320494,0.5108739690331041,3,,,,
60,0.5719750978713827,COMPLETE,0.6432171397118317,0.058192723477708465,6,887,0.0008117529656895003,0.3814921022397515,1054,43,0.14894657945782488,0.0008085448087104637,0.538084710017674,4,0.008178421642153256,0.6210456277243022,0.5801535195135359,0.6817662100163009
61,0.5701733802674596,COMPLETE,0.6085239297342363,0.052168920635661996,6,841,0.009471811929003262,0.31990338386453365,1160,50,3.031592690386726,0.0019275020048887487,0.5821179907264122,5,0.009454406360951118,0.6268998184331662,0.5796277866284106,0.681582359628079
62,0.5717312610351173,COMPLETE,0.7386103382177635,0.06561353954864843,8,981,0.017296654695066103,0.5504697040555661,1865,57,0.0007181264123309995,0.0004949810934481588,0.5443026364592993,4,0.00765848174734991,0.6176821515192168,0.5793897427824672,0.6817611289657591
63,0.5715857843913191,COMPLETE,0.741740441135694,0.047080571343606686,8,833,0.17030944380770335,0.45560638696340117,2156,61,0.0008428134371111473,0.00014745649334578818,0.5647518312714428,4,0.009113963336619447,0.6262695644110358,0.5806997477279385,0.6815698914625122
64,0.570577574463658,COMPLETE,0.6314822292610422,0.07588767707568486,6,904,0.0002413671991807196,0.6957124235877379,878,36,0.0022708168597369532,0.0010583617624989694,0.5628727615320602,6,0.008929393790454742,0.6241539372063865,0.5795069682541127,0.6818905472429407
65,0.5717120529150288,PRUNED,0.5592827833611036,0.06738016517330297,7,989,0.0006538266028437324,0.12572702735547187,847,33,0.0707020756621938,0.005660460599282332,0.5034195913110936,4,,,,
66,0.5697189883523861,PRUNED,0.731767362886575,0.07274714308956584,6,938,0.002738017633426493,0.9366666992444034,1753,57,0.0041994425192891875,0.001373377972293037,0.6996626595846243,4,,,,
67,0.5695147893016403,PRUNED,0.5788997295299754,0.06262098952981998,6,882,0.00010576665257847553,0.5723459523302262,1823,28,0.5700876186273682,0.055453344951519594,0.6045492514137548,4,,,,
68,0.5718430335222277,PRUNED,0.5121614590021295,0.04026077993832382,4,828,0.00017064582290075205,0.49621294928210546,506,28,0.0042767926693993985,0.0008636718391062706,0.5219819068227947,4,,,,
69,0.5703165269966374,PRUNED,0.44756366791862284,0.072101032750883,5,788,0.0003807850063050654,0.1597282169605363,1375,35,0.0015590531786560471,0.0056615981132681365,0.5626369324085004,1,,,,
70,0.5723871400262419,COMPLETE,0.6555143275548931,0.07543307230028178,9,978,0.0003680176657447581,0.35621849493100394,1379,51,0.30930570734340523,0.00010614269742214423,0.5133786585489828,3,0.007449920474081374,0.6170866628707301,0.5798370605003232,0.6817128115326341
71,0.5725700147307438,PRUNED,0.45941408223750546,0.06492026115071409,6,944,0.00013999272874807748,0.3614077138407301,1383,37,2.7218868451865793e-05,0.006438765806332331,0.5168710724205451,4,,,,
72,0.5717669994242242,COMPLETE,0.7209539407137141,0.06589918918872378,8,911,0.00013890425560919803,0.43046159758223324,1229,48,7.749749986917276,0.00043979473734399806,0.6085088741669515,3,0.008658256426694799,0.623716537984393,0.580425255850919,0.6817254160082167
73,0.5804776041948003,PRUNED,0.5685785238707306,0.04191995854888789,8,712,0.0007512155188678288,0.2794423313362384,1940,63,0.9469104818082187,0.00013531787627161048,0.5279228540547652,3,,,,
74,0.5715967274736796,PRUNED,0.6534890840539721,0.0785175319776281,9,858,0.0007179998871092194,0.45244705700829024,980,61,0.0134589478400726,0.00017693341846672275,0.602013156351902,5,,,,
75,0.5708068542025372,COMPLETE,0.6176125701161742,0.05860255912349133,8,982,0.00025141703448522943,0.40870775307212553,1258,58,0.42995108485803973,0.00020854420118457973,0.5470560087533289,3,0.008644021430643646,0.6226709827863991,0.5794508756331809,0.6818379007449399
76,0.5726432707455471,PRUNED,0.8928770341048815,0.06621946143317381,5,973,0.002541568283024198,0.15449097566827047,2515,49,1.7721859625224212e-05,0.0001949915940429319,0.6104652787218975,2,,,,
77,0.5697306841424641,COMPLETE,0.6176705035455061,0.07257828947108196,9,647,0.0002454254626113983,0.6654035405526421,2004,35,0.010476937186444803,0.0010491578008066029,0.505588289340031,1,0.009837812903979892,0.6287575615663434,0.579568497046444,0.6816359492323989
78,0.5726949581807336,PRUNED,0.6719260710654792,0.04266805026910302,9,980,0.010719682632739829,0.3496578869602536,1519,49,3.2209008515934514e-06,0.00014293648145338953,0.5942075908750932,4,,,,
79,0.5681145185326194,PRUNED,0.6511338044823556,0.049726953739372776,9,724,0.0010595970184124111,0.45566810264497576,1813,43,9.259737090913248,0.0009221057621747726,0.6903912544154241,3,,,,
80,0.5715369316536966,COMPLETE,0.6244146177972414,0.07106919165926208,9,942,0.009211538866801781,0.5246881040909717,558,38,0.36123125693051295,0.001706934348688231,0.5531351961054427,3,0.008419473140983081,0.6220537704995951,0.5799564047946797,0.68188421674857
81,0.5718324489942637,COMPLETE,0.8087993701307421,0.06349573031606938,9,910,0.0003309504744946335,0.26278736093273614,1473,44,0.1323307574885339,0.004028211762344878,0.5026721661192626,5,0.007955774247743587,0.6195670944807252,0.5797882232420073,0.6816455393431874
82,0.5720092411499624,COMPLETE,0.8576009226690936,0.035425824880764185,9,862,0.0002468509538470441,0.1900543142167896,1446,42,0.11655474325037422,0.005189668696071255,0.5189908001277517,5,0.007810301609059756,0.6188710508043209,0.5798195427590221,0.681921541566891
83,0.5797396631367088,PRUNED,0.834355480668634,0.039916902778747536,9,912,0.001224193565119839,0.06722742634121662,1554,35,8.65297517280204,0.00032976799382860173,0.525608978930651,7,,,,
