number,value,state,params_colsample_bytree,params_learning_rate,params_max_depth,params_min_child_samples,params_min_child_weight,params_min_split_gain,params_n_estimators,params_num_leaves,params_reg_alpha,params_reg_lambda,params_subsample,params_subsample_freq,user_attrs_auc_gap_penalty,user_attrs_train_auc,user_attrs_validation_auc,user_attrs_validation_log_loss
84,0.5795283763236793,PRUNED,0.6643354633707339,0.06617098293990152,9,882,0.00014757847159735762,0.1356059526164815,1490,57,0.12226457300778212,0.08169221608006483,0.5241893212151296,6,,,,
85,0.5713190070214078,COMPLETE,0.8385581439656936,0.06661885363141884,9,812,0.00013983453881012009,0.5232028457823814,1536,44,0.9828189009880638,0.004329262270359427,0.5273367215652017,4,0.00865258266936617,0.6232345030376049,0.579971589690774,0.6817033906585394
86,0.5806057836491104,PRUNED,0.6899574215617831,0.03272838291473435,8,912,0.0008219682168143235,0.31461403227004636,1540,39,0.10860983920243672,1.0620280627656111,0.5182808809641762,4,,,,
87,0.5715528305022864,PRUNED,0.7088470883884637,0.0380922337227863,5,837,0.0004863442991131032,0.5003262950192853,1352,45,0.0030846939202654132,0.0018115507040882084,0.5926574934977913,4,,,,
88,0.5723389698559924,PRUNED,0.8166563318239616,0.05988138944784089,9,771,0.00010283852911318585,0.3193016541911538,712,46,0.7676991170928373,0.0001587136489774651,0.6199711936406331,3,,,,
89,0.5702698740341601,PRUNED,0.8922386109778495,0.06727633680595904,8,942,0.010357516098486508,0.45142019471210615,1179,58,1.4405583214638273e-06,0.0001862042015331956,0.5142699563202657,1,,,,
90,0.5709630768225411,PRUNED,0.6561343379977862,0.03509947219728113,8,997,0.00020082212563487525,0.37029181066172684,940,34,0.00018748301238028796,0.008493944990225615,0.5106801815227675,2,,,,
91,0.580774104956082,PRUNED,0.6920956357201837,0.05033068747290092,8,903,0.00883866475532832,0.5784174029300241,1718,42,0.0004615599877926945,0.00026793332759663996,0.5727808727180169,3,,,,
92,0.572433298622999,PRUNED,0.8872511217608636,0.03155734020009652,9,728,0.0006557418240006429,0.35179314931020894,1041,40,0.07039779615709474,0.007332118112748616,0.5350419093014198,6,,,,
93,0.5709098606235643,PRUNED,0.8564513736005773,0.06226162861502606,9,905,0.10722605974168174,0.057400780787681634,2079,43,8.831641093121353e-08,0.0003407905499815787,0.6543174060560288,2,,,,
94,0.572015026193011,COMPLETE,0.7712581001622558,0.031499106489175324,8,951,0.0001804813874525492,0.3068011745348224,1690,35,2.3611818576823658,0.00048434668177024104,0.5995148840525384,3,0.008139715924033442,0.6208533217372116,0.5801547421170444,0.6818142549549684
95,0.571633019634494,COMPLETE,0.6216310479613847,0.05459787793334467,9,932,0.0006379500690712248,0.07918930879643277,1323,44,8.229891112609264,0.0009305224126163312,0.5281536779835369,4,0.007931919287953337,0.619224535362214,0.5795649389224473,0.6820118736660228
96,0.5723992038879363,PRUNED,0.7924290862898559,0.03957492011627759,8,941,0.0002261027503808581,0.1619444053926828,2055,50,0.1634311588198449,0.0011469015211759898,0.6193368931504545,4,,,,
97,0.5734177451393864,COMPLETE,0.7981235426512547,0.0470377528385479,9,989,0.002390269563073224,0.4319378474069252,953,52,0.002793865213112465,0.009147693229898942,0.5042769195884965,4,0.007163075638063088,0.6163961989677649,0.5805808207774494,0.6817848309380424
98,0.5720366747161202,COMPLETE,0.8685670036051555,0.06681544870282984,7,866,0.05316094779810481,0.024658072390062197,1142,51,7.44969617918737e-06,0.01625629111471876,0.5185576218561935,3,0.008054706040970605,0.6203649109619438,0.5800913807570908,0.6818906076673423
99,0.5724370961669247,PRUNED,0.7389156928209772,0.015653358249995985,8,1000,0.0004197200954575879,0.6647752162383529,1687,42,3.141204556190916,0.0007658215449778297,0.6421809253012869,3,,,,
100,0.5730490756800988,PRUNED,0.9375984847699708,0.04679097451269339,6,885,0.004100579538731317,0.03065606957184322,772,60,0.0002563311244651677,0.0001743143460470278,0.5450267520405507,3,,,,
101,0.5716300010747614,COMPLETE,0.7933224837302097,0.06887501491836137,8,846,1.3033721040114872,0.14427487022795676,512,51,1.638764434398216e-05,0.00865798686954319,0.5255493992056015,3,0.008747396670761121,0.624114381099328,0.5803773977455224,0.6815578431394096
102,0.573824204839417,PRUNED,0.762816601222811,0.024474903770116286,8,872,0.016722421282526267,0.7065245633472212,1294,50,8.065319973783095e-05,0.21101503461273208,0.5433874994180011,5,,,,
103,0.5704998068528697,COMPLETE,0.79724583285453,0.030912052495865563,9,960,0.0011555050497581588,0.24005786012346128,1651,30,0.48710064296208716,0.00012609348588215965,0.6374738953602302,3,0.009292967042459743,0.6262576091076282,0.5797927738953295,0.681721896396382
104,0.57115645561476,PRUNED,0.7355139568042477,0.04403944949496325,9,987,0.013052454199619593,0.39805536734606534,1114,47,0.0007812747887781698,0.07414870385186965,0.5342223346671157,4,,,,
105,0.5722543331524,COMPLETE,0.7841757281104571,0.06407903758817791,7,812,0.04239889943949885,0.07813602278700431,800,47,7.985412707689816e-08,29.261854925416724,0.5492247060363643,5,0.008416272737420983,0.6227519695769259,0.580670605889821,0.6815681848842563
106,0.5722343842561879,PRUNED,0.8490305373386245,0.06860241048616751,5,547,0.06835044049778354,0.05764743757130091,695,46,2.27923959446125e-08,29.84145900528241,0.5813488380863818,5,,,,
107,0.5713255038562566,PRUNED,0.6846942591896719,0.07367747108012192,8,796,0.06606738969092509,0.06590719032613834,2185,58,3.9455751343351574e-07,41.621267687789654,0.5982175054689739,5,,,,
108,0.5806963807227323,PRUNED,0.9271630133818057,0.056042863695281234,8,983,0.007596014323086428,0.054157431053318196,1177,59,3.935912220147563e-07,0.005257309189245188,0.5580686964964008,3,,,,
109,0.5716025043795421,COMPLETE,0.9429936061604931,0.06868385595599602,7,982,0.07978512453132064,0.1957233888107608,986,43,7.79016950640597e-06,23.449968588865186,0.5845106686412559,5,0.008115720129853,0.62029682515866,0.579718224509395,0.6818507403569475
110,0.5799507921270697,PRUNED,0.6041776233835602,0.04378263565248164,6,681,0.0009601625948294668,0.5057733610667434,640,37,0.001309748768353113,0.03000074520489,0.5392097782475574,3,,,,
111,0.5737110311704343,PRUNED,0.9274039371348461,0.05046068112881118,8,784,0.16510981877687927,0.37044602544349914,1284,44,0.0001989743558375161,0.004998193815019434,0.514028998897883,4,,,,
112,0.5708852456311913,PRUNED,0.7444528884821313,0.012630527597133128,7,923,0.00039447436992229773,0.30314368594189545,842,19,3.7925283143621296,0.001134478497689169,0.5507619577694258,4,,,,
113,0.5809062265461791,PRUNED,0.7459460282187087,0.0725342668800983,9,580,0.00023155708803101967,0.13651838471824787,1944,30,0.20832138874858247,0.029005164445086665,0.5571486527357723,5,,,,
114,0.5716899780346074,COMPLETE,0.8702967859763421,0.048541153391034715,9,870,0.0023170025602152677,0.29969936970602795,1209,49,0.0002262260069637021,0.0008583595705642116,0.550884451144278,4,0.00838999264816298,0.6220299339235853,0.5800799706827704,0.6817222572504376
115,0.5795666791991589,PRUNED,0.7679220969345523,0.03420067068183784,7,982,0.15136836470045717,0.22527701087480362,1010,53,6.766976962545524e-08,14.056086601772368,0.5535669544023498,5,,,,
116,0.5721537502077648,PRUNED,0.8303750076688995,0.04941757933702101,7,743,0.15342013757723708,0.09420551822950499,2163,50,1.1482388859770221e-05,0.02134933349186146,0.5850642898689923,4,,,,
117,0.5714425908589175,PRUNED,0.7843983472762751,0.05446553343159839,8,783,0.478977397855901,0.10995957540561757,464,47,2.39789408426235e-07,26.62106617691192,0.66344652098663,4,,,,
118,0.5716374706820794,PRUNED,0.8562917154030754,0.06491389737675343,7,514,0.025449036752120145,0.19328106690181746,484,42,3.163856873418173e-07,0.007963048894919684,0.6139191328772216,3,,,,
119,0.5722669731404518,PRUNED,0.6447134724088576,0.03867490527775146,6,653,0.0033037781921334765,0.18097137722128154,469,58,4.4900178810233206e-08,2.8094638540141763,0.572685490161456,6,,,,
120,0.5805433441981203,PRUNED,0.8388320452119431,0.04932947097486649,9,855,0.018345643692207238,0.5716829795401135,990,62,0.05252493196490002,0.039993295592245126,0.5279914748548619,3,,,,
121,0.5724536702271987,PRUNED,0.8572301788982569,0.03621072754919229,5,716,0.11619392894816778,0.278530892071235,1302,53,1.2600824984606308e-05,0.009100031124098453,0.5444644125816354,2,,,,
122,0.572383463485249,PRUNED,0.8897625126340417,0.07726835024962403,6,857,0.021232101736437567,0.20734966885489592,1380,31,1.2963752329636316e-06,0.0008432476667202438,0.5605400318673224,1,,,,
123,0.5736438915138182,PRUNED,0.7236419810684585,0.062208366565604155,7,927,0.0122046625814524,0.3397994924209195,1422,47,0.02890959402238771,0.0010295179078442585,0.5052360114410607,4,,,,
124,0.5719327310877215,PRUNED,0.6175516661115168,0.06848157223733377,7,883,0.00020942881343687886,0.3168283525721172,1320,37,1.7666402871889857,0.0004504300452520964,0.6608622439729984,3,,,,
125,0.5715858011855179,COMPLETE,0.8190986223559331,0.025168685458068458,8,985,0.0010168967461815712,0.29432989150043154,2082,29,0.009537585083875172,0.05094218321652021,0.5616291636845506,5,0.008177999414409576,0.6206537976719754,0.5797638005999275,0.6818865913436808
126,0.5719007574871133,PRUNED,0.6072376354088604,0.07411825127205608,5,958,0.024333920856308013,0.174429445042527,1360,40,9.071810456383522e-07,21.605613260171324,0.6340841097276283,5,,,,
127,0.5750549426710502,COMPLETE,0.7702273135192889,0.07161667639250698,6,873,0.04974593486993096,0.15347353779768302,1666,52,1.8592141847602639e-06,0.00012205820920528985,0.5390927636452362,3,0.008245625155779401,0.6245286936057266,0.5833005678268296,0.6813653003464181
128,0.5804046146415082,PRUNED,0.8295382933087462,0.05473150588995687,9,952,0.0011583887626687986,0.4267255741986885,660,59,0.48943986020473107,0.1086348086961742,0.5188718670426627,6,,,,
129,0.5714998063597472,PRUNED,0.48731029634112444,0.040177528297631306,6,758,0.00038894816391055794,0.5070486601685925,1302,43,0.0027678014037896257,0.00016081864799161402,0.5048315613699375,1,,,,
130,0.5712891645511357,PRUNED,0.6549098034538229,0.061873481862906664,5,799,0.016274713934617317,0.31618202853264493,1359,47,4.293196262084097e-06,0.0016679850588262805,0.6084484664942674,3,,,,
131,0.5707857273756571,PRUNED,0.683558364828554,0.034764697484570034,6,888,0.0007424806046810848,0.4796205163201182,753,43,0.8906716843110437,0.00018730583104628514,0.5977917745818737,5,,,,
132,0.5722515452728361,PRUNED,0.6003043358885547,0.0560659916407358,5,556,0.0001080713563850141,0.2561873291393443,876,50,0.02918327149471446,0.0003479712009881816,0.5141666978203024,6,,,,
133,0.570354550653475,COMPLETE,0.6634332049520199,0.07511404123933897,7,869,0.006766240213589459,0.09643108295946429,432,31,3.71463490093371e-07,20.331979440129167,0.5646762733545534,5,0.009376761331553053,0.6266151186427933,0.579731311985028,0.681654175690494
134,0.5718986379404877,COMPLETE,0.7771489344961372,0.07151747963526002,6,963,0.09423290464659483,0.11172113302743725,1148,50,1.1137449336810714e-05,0.0005528724180998715,0.5435673688597591,2,0.0073335709084852985,0.6159000633913995,0.579232208848973,0.6820779167358294
135,0.5705924954646899,PRUNED,0.7263240548599502,0.07380399982473776,5,879,0.14595727429565944,0.12917251572523247,1456,62,9.361693621310408e-05,0.0006253050218216279,0.6072793772927747,2,,,,
136,0.5703449961004147,PRUNED,0.8177986036904505,0.05382806086545829,5,664,0.026092404331434515,0.006296159235084309,1617,48,4.971925926835083e-08,0.00020602409876501496,0.5772572813249546,3,,,,
137,0.5736133307653981,PRUNED,0.9342065721701294,0.06362573580197503,9,791,0.002981960247316805,0.08086442369055744,1764,58,0.051186623992372386,0.017439207665714287,0.5772327128876575,7,,,,
138,0.5794502438099479,PRUNED,0.782319271322974,0.041292317938594836,7,988,0.39238780662628003,0.2292686681226147,2417,62,5.513850413999657e-08,0.000154464081773274,0.5118885325255006,4,,,,
139,0.5729689738331956,PRUNED,0.8223707373853084,0.07389379247018711,7,901,0.16385980248831467,0.00976416990836149,682,48,2.690349371007826e-07,1.2696187046959915,0.5709990779250675,2,,,,
140,0.572849642557052,COMPLETE,0.7630305290329944,0.07639705577565974,9,975,0.0005281794280837977,0.3057709431471866,1091,28,0.03267504423008469,0.003478680187586249,0.5192884867421431,6,0.007150224856011822,0.6157509916931229,0.5799998674130638,0.6817700341279556
141,0.5734146894077541,PRUNED,0.7404594833419275,0.03654012849012066,9,943,0.0014135484812805685,0.5237940518100516,954,30,0.013513064956131355,0.03346414627651008,0.6374577954906595,6,,,,
142,0.5799034727739153,PRUNED,0.78287669684118,0.05221048465413142,9,903,0.008987751511771745,0.47409124379327283,1059,34,0.0573221574091834,0.00035944675771126095,0.5547086293919161,6,,,,
143,0.5712064835132987,COMPLETE,0.7210452002931056,0.07377323833650279,9,953,0.004659102350367801,0.34346741752091386,1558,52,0.1711237541222084,0.00028459014296292024,0.5133175678761426,2,0.008268769282181542,0.620819099206388,0.5794752527954803,0.6819723921643803
144,0.5711146030721321,COMPLETE,0.7967828233486065,0.03881282540955798,9,781,0.000489967429942424,0.3588602566670172,1871,37,0.04300416741126613,0.003949027396795419,0.526982404161111,6,0.008540902144797325,0.6223600159409161,0.5796555052169294,0.6816234503420985
145,0.5725447031698159,PRUNED,0.5729038785942713,0.035499928805780456,6,805,0.001092272716121603,0.23392273719835704,901,30,0.000948586595205389,0.00010691674131143654,0.5230897887986906,3,,,,
146,0.5725504708624973,PRUNED,0.8288897896758571,0.024517029639549503,9,972,0.00011842749695006969,0.06364797965199637,1314,52,0.005191600021305005,0.0046868077504462384,0.5716909312338955,5,,,,
147,0.572244543110779,PRUNED,0.867361039845456,0.055245196335918394,9,819,0.00018915335324330937,0.3427540670758041,491,24,5.409448034246651e-05,0.001902820135500455,0.5142848106175574,7,,,,
148,0.5801795252068327,PRUNED,0.8087698225912525,0.06601008034808595,6,984,0.010649604182617105,0.13610119611046007,1617,45,4.209061912953099e-05,0.0002561553565727647,0.5145194581818642,2,,,,
149,0.572210248211998,COMPLETE,0.7817124875844205,0.06501537705634446,7,989,0.016390744087756138,0.18542227017733942,832,39,2.9933729485307873e-05,0.0013708240904097674,0.5212556346476894,4,0.008093769245474626,0.6207728636848457,0.5803040174574726,0.6816861563330185
150,0.5716644055227789,PRUNED,0.7712902124494406,0.01274836608758694,7,952,0.00040332545107242746,0.003025408672526486,1595,33,1.1634535945397564,0.0026489488742014707,0.6139620839399123,1,,,,
151,0.5711668436038374,PRUNED,0.6666357391451294,0.03612162153839401,8,939,0.0012005183025587095,0.2326152047019596,1007,25,0.1252696941542336,0.0011128141018285737,0.5177587830268501,6,,,,
152,0.5800385518235847,PRUNED,0.7169706536281806,0.03608124751805505,6,889,0.0162784920692203,0.1665891565058658,612,43,2.856669377266451e-06,0.001456262202430934,0.5379383138636016,3,,,,
153,0.5727266034934726,COMPLETE,0.8176572551202498,0.07126197830345088,9,919,0.0005557353342125107,0.28674324993281924,562,53,0.0013340947349838861,0.6325268945531816,0.5607978968111831,3,0.00749396391751136,0.6176903869985407,0.5802205674109839,0.6817787590396128
154,0.57145517270534,COMPLETE,0.6739351282691446,0.0710896157304351,7,862,0.2664731670619571,0.3111951058039112,875,46,1.7083396528226252e-05,0.0007545352055479135,0.5087112008253134,2,0.00941902208384251,0.627969305208395,0.5808741947891825,0.6817120142852837
155,0.5679649420673767,COMPLETE,0.8576710686137681,0.04579341677419524,9,630,0.0004159643225527323,0.30697460942791377,515,42,0.004022507208033761,0.29840717223027596,0.5041809667067202,3,0.010843702885519946,0.6330271593804964,0.5788086449528966,0.681589751333335
156,0.5724789707751567,PRUNED,0.7521073674333443,0.04689903284302783,8,993,0.001011886972146081,0.07998702295231908,560,51,7.26810447142358e-05,3.10037137221682,0.6078612893937692,3,,,,
157,0.5730673335704217,PRUNED,0.8302648008627315,0.06836687713221122,6,983,0.00012827273422196813,0.7413191168195796,763,31,0.0019962913700686544,0.006881076500614241,0.5497095926896273,2,,,,
158,0.572514651869307,PRUNED,0.7446510307741377,0.051489790938952555,9,953,0.00019115785174361353,0.3009829227300249,1738,14,0.0021938568516535434,0.00011529846976102817,0.6074045502261242,6,,,,
159,0.5703486108388651,COMPLETE,0.8111008031862291,0.0746504170438935,7,945,0.002031810469200463,0.35992269618315464,655,41,0.006476341721361077,0.06986931874465954,0.6326278781405188,4,0.009704013119473331,0.6285726895557051,0.5800526239583385,0.6817551635441392
160,0.5725865828693846,PRUNED,0.8377793115141012,0.0680261393780569,9,958,0.0008252540364991696,0.409456823595421,987,61,2.4275128729300278e-05,1.3925061528732865,0.6056749733808743,4,,,,
161,0.5729778199542278,PRUNED,0.7493202685823185,0.04835335168156021,8,799,0.049270046069904726,0.11019075812507689,1614,37,1.146390052409973e-08,14.803049598979833,0.5868333858909692,5,,,,
162,0.5716081051790277,PRUNED,0.7675642243417315,0.03527084255968317,7,910,1.0724831329736895,0.05648843661285205,1249,59,6.572799331249852e-07,0.0003862320206096343,0.5454329844804658,1,,,,
163,0.572513115765588,PRUNED,0.742429635344333,0.07215732052254631,8,992,0.00018200407263558972,0.4612588959384065,1240,17,0.24560331683394218,0.0018480372248440783,0.5747814494794473,6,,,,
164,0.5729451742454054,PRUNED,0.6026056102250041,0.06652003470583435,7,743,0.00011858433928602019,0.03780030431216769,848,42,0.0019135291966467954,0.004228568367299055,0.5077015041382987,2,,,,
165,0.570948888999856,COMPLETE,0.6248430029768153,0.07590266842887668,6,933,0.00012123262150541847,0.5273051546606867,839,28,0.03431633577828189,0.7318274124852886,0.5256167664553482,2,0.008652604964915623,0.6228645187893497,0.5796014939647716,0.6818846608980902
166,0.5730051241545572,PRUNED,0.7889701763954574,0.07167851822902603,8,805,0.018817716246193623,0.2425234175985133,487,49,1.1173494237317412e-08,21.375643928762084,0.5197045122945791,6,,,,
167,0.5711937561175189,PRUNED,0.8808137245044527,0.0697328060117198,8,879,0.01948136712556307,0.06869772703966823,856,32,1.4696226890024366e-06,0.009994532239958047,0.6267577402004666,4,,,,
168,0.5803837202925588,PRUNED,0.7792056484485261,0.030472490928023083,8,800,0.00028364924921751004,0.3945112953543438,2125,31,0.2529618669505813,0.00035635170412251396,0.5295767183036413,3,,,,
169,0.5726673305669244,PRUNED,0.7442478935969863,0.07964550715079115,5,836,0.00013468352383438136,0.4493181737282549,1668,39,0.0033244587203838773,0.023186133714361554,0.512577269866528,4,,,,
170,0.572535355529953,PRUNED,0.8478821084333736,0.0542708321465369,9,901,0.00047840131815848257,0.07874816534954013,1642,36,0.033231895074845495,0.01458220263869531,0.6302852362596608,4,,,,
171,0.5726124096311944,PRUNED,0.6331622281425586,0.07530262402177106,8,991,0.06316763567709614,0.08184853631120838,1148,37,0.00010327012745019178,0.0026972732245778303,0.6265029659997396,5,,,,
172,0.574143882753117,PRUNED,0.8533008297291937,0.06900388636441034,5,884,0.06936180520644802,0.14379897249491785,1636,62,2.6010279459020463e-06,0.00010601155198798585,0.5736796064496339,4,,,,
173,0.5724927285416089,COMPLETE,0.8954640578695003,0.052294591897099334,8,921,0.000500414727308927,0.28941267629269357,1232,49,0.03887311072526609,0.004251882077659647,0.5077344687235535,5,0.007549852411102731,0.6177918430082253,0.5800425809527117,0.6815873818194869
174,0.5735775444586643,PRUNED,0.9029335006264878,0.04033419252745869,6,958,0.005493968738846269,0.06982620880943866,1335,45,1.6278717170760599e-06,0.0002350503462329945,0.6399550995143704,2,,,,
175,0.5728624945128786,PRUNED,0.6199202864716629,0.053725504947742725,4,968,0.00011565535713309663,0.17129349010323225,873,38,0.003145283631533271,0.0007277065524203979,0.5948153441569496,4,,,,
176,0.5720033071893011,PRUNED,0.5761326243978102,0.06844002292750254,6,850,0.0001474072595905387,0.5791670638617071,732,42,2.1285203778611254e-05,0.001271032027861525,0.6125224100311343,2,,,,
177,0.5723571818982167,COMPLETE,0.9169775652580132,0.052536364481998284,8,904,0.00933178053869471,0.2363532703476756,1068,50,0.31960075051506875,0.003476144043775022,0.5128328624316902,4,0.008556788971855368,0.623697915729349,0.5809139708700721,0.6816858331786056
178,0.5733587303416776,PRUNED,0.9183876928344769,0.06510845643915071,6,987,0.026787418681702545,0.1229464331159345,750,51,0.04497455275761799,0.026576176500083454,0.5567630492331935,5,,,,
179,0.57411527895875,PRUNED,0.7711098040703712,0.06586036810224481,7,902,0.05280530685196837,0.05317525802169892,740,40,2.899543941110666e-05,0.00034241542304270367,0.5128592593626169,4,,,,
180,0.5709146054741939,PRUNED,0.8734571770371417,0.061696984977354576,5,779,0.32452593104015576,0.09728529186887362,634,49,0.0012072342544015395,0.0006174545913124664,0.505436640878197,1,,,,
181,0.5721814070312601,COMPLETE,0.765066765787242,0.06117572449689759,9,930,0.00042453361456354496,0.5409520171579969,826,57,0.00016162730053444487,0.00028617228016521705,0.5456407001604672,3,0.007801309154027037,0.6189892619554223,0.5799827161852871,0.681808311714389
182,0.5725573120648293,PRUNED,0.6760673837407715,0.06993876808951716,7,750,0.006480119356270128,0.08803834951766319,1822,54,1.8519691454188667e-06,0.00038956025628262474,0.5329171255700206,5,,,,
183,0.5725314346354207,PRUNED,0.8113650692095474,0.039977700143158615,9,977,0.004046764931839744,0.6879492657413928,973,59,7.739644790434734e-06,0.0025440197432166183,0.6209855011390811,2,,,,
184,0.5719452324905777,PRUNED,0.8657355744312554,0.022853529009687925,9,837,0.006683032787910849,0.23931280730605606,596,58,0.8099310802822616,0.003023486029161989,0.5249430670389202,3,,,,
185,0.5739451291687172,PRUNED,0.8033182816088774,0.07279447765015655,9,702,0.00038758941252473245,0.6827496142174941,602,56,0.006218117651189653,0.000774036645274522,0.6118452704146122,4,,,,
186,0.5722190132131305,PRUNED,0.8699094244842053,0.027018812172797738,7,912,0.0007908907876187038,0.2956614203836255,1105,49,0.0045477424677556185,0.004148133363108706,0.5111037993187749,4,,,,
